<?xml version="1.0" encoding="UTF-8"?>
<!-- Generated by org.testng.reporters.JUnitReportReporter -->
<testsuite hostname="Divyas-MacBook-Pro.local" failures="0" tests="4" name="test.scripts.TestRunner" time="115.440" errors="0" timestamp="2024-01-17T11:44:07 IST" skipped="0">
  <testcase classname="test.scripts.TestRunner" name="runScenario" time="27.425"/>
  <system-out/>
  <testcase classname="test.scripts.TestRunner" name="runScenario" time="18.776"/>
  <system-out/>
  <testcase classname="test.scripts.TestRunner" name="runScenario" time="41.437"/>
  <system-out/>
  <testcase classname="test.scripts.TestRunner" name="runScenario" time="27.802"/>
  <system-out/>
</testsuite> <!-- test.scripts.TestRunner -->
